HangManNewGame/app/build/intermediates/manifest_merge_blame_file/debug/manifest-merger-blame-debug-report.txt
1<?xml version="1.0" encoding="utf-8"?>
2<manifest xmlns:android="http://schemas.android.com/apk/res/android"
3    package="com.example.hangmannewgame"
4    android:versionCode="1"
5    android:versionName="1.0" >
6
7    <uses-sdk
8        android:minSdkVersion="24"
8-->src\main\AndroidManifest.xml
9        android:targetSdkVersion="33" />
9-->src\main\AndroidManifest.xml
10
11    <uses-permission android:name="android.permission.INTERNET" />
11-->src\main\AndroidManifest.xml:5:5-67
11-->src\main\AndroidManifest.xml:5:22-64
12    <uses-permission android:name="android.permission.ACCESS_NETWORK_STATE" />
12-->[com.google.firebase:firebase-auth:21.1.0] AndroidManifest.xml:24:5-79
12-->[com.google.firebase:firebase-auth:21.1.0] AndroidManifest.xml:24:22-76
13    <uses-permission android:name="com.google.android.gms.permission.AD_ID" /> <!-- Android package visibility setting -->
13-->[com.google.android.gms:play-services-ads-lite:21.0.0] AndroidManifest.xml:25:5-79
13-->[com.google.android.gms:play-services-ads-lite:21.0.0] AndroidManifest.xml:25:22-76
14    <queries>
14-->[com.google.android.gms:play-services-ads-lite:21.0.0] AndroidManifest.xml:28:5-44:15
15
16        <!-- For browser content -->
17        <intent>
17-->[com.google.android.gms:play-services-ads-lite:21.0.0] AndroidManifest.xml:31:9-37:18
18            <action android:name="android.intent.action.VIEW" />
18-->[com.google.firebase:firebase-auth:21.1.0] AndroidManifest.xml:34:17-69
18-->[com.google.firebase:firebase-auth:21.1.0] AndroidManifest.xml:34:25-66
19
20            <category android:name="android.intent.category.BROWSABLE" />
20-->[com.google.firebase:firebase-auth:21.1.0] AndroidManifest.xml:37:17-78
20-->[com.google.firebase:firebase-auth:21.1.0] AndroidManifest.xml:37:27-75
21
22            <data android:scheme="https" />
22-->[com.google.firebase:firebase-auth:21.1.0] AndroidManifest.xml:39:17-42:51
22-->[com.google.firebase:firebase-auth:21.1.0] AndroidManifest.xml:42:21-48
23        </intent>
24        <!-- End of browser content -->
25        <!-- For CustomTabsService -->
26        <intent>
26-->[com.google.android.gms:play-services-ads-lite:21.0.0] AndroidManifest.xml:40:9-42:18
27            <action android:name="android.support.customtabs.action.CustomTabsService" />
27-->[com.google.android.gms:play-services-ads-lite:21.0.0] AndroidManifest.xml:41:13-90
27-->[com.google.android.gms:play-services-ads-lite:21.0.0] AndroidManifest.xml:41:21-87
28        </intent>
29        <!-- End of CustomTabsService -->
30    </queries>
31
32    <uses-permission android:name="android.permission.WAKE_LOCK" />
32-->[com.google.android.gms:play-services-measurement-sdk-api:20.1.2] AndroidManifest.xml:25:5-68
32-->[com.google.android.gms:play-services-measurement-sdk-api:20.1.2] AndroidManifest.xml:25:22-65
33    <uses-permission android:name="android.permission.RECEIVE_BOOT_COMPLETED" />
33-->[androidx.work:work-runtime:2.7.0] AndroidManifest.xml:27:5-81
33-->[androidx.work:work-runtime:2.7.0] AndroidManifest.xml:27:22-78
34    <uses-permission android:name="android.permission.FOREGROUND_SERVICE" />
34-->[androidx.work:work-runtime:2.7.0] AndroidManifest.xml:28:5-77
34-->[androidx.work:work-runtime:2.7.0] AndroidManifest.xml:28:22-74
35
36    <permission
36-->[androidx.core:core:1.9.0] AndroidManifest.xml:22:5-24:47
37        android:name="com.example.hangmannewgame.DYNAMIC_RECEIVER_NOT_EXPORTED_PERMISSION"
37-->[androidx.core:core:1.9.0] AndroidManifest.xml:23:9-81
38        android:protectionLevel="signature" />
38-->[androidx.core:core:1.9.0] AndroidManifest.xml:24:9-44
39
40    <uses-permission android:name="com.example.hangmannewgame.DYNAMIC_RECEIVER_NOT_EXPORTED_PERMISSION" />
40-->[androidx.core:core:1.9.0] AndroidManifest.xml:26:5-97
40-->[androidx.core:core:1.9.0] AndroidManifest.xml:26:22-94
41
42    <application
42-->src\main\AndroidManifest.xml:7:5-69:19
43        android:allowBackup="true"
43-->src\main\AndroidManifest.xml:8:9-35
44        android:appComponentFactory="androidx.core.app.CoreComponentFactory"
44-->[androidx.core:core:1.9.0] AndroidManifest.xml:28:18-86
45        android:dataExtractionRules="@xml/data_extraction_rules"
45-->src\main\AndroidManifest.xml:9:9-65
46        android:debuggable="true"
47        android:extractNativeLibs="false"
48        android:fullBackupContent="@xml/backup_rules"
48-->src\main\AndroidManifest.xml:10:9-54
49        android:icon="@mipmap/ic_launcher"
49-->src\main\AndroidManifest.xml:11:9-43
50        android:label="@string/app_name"
50-->src\main\AndroidManifest.xml:12:9-41
51        android:supportsRtl="true"
51-->src\main\AndroidManifest.xml:13:9-35
52        android:theme="@style/Theme.HangManNewGame" >
52-->src\main\AndroidManifest.xml:14:9-52
53        <activity
53-->src\main\AndroidManifest.xml:16:9-18:40
54            android:name="com.example.hangmannewgame.NameInput"
54-->src\main\AndroidManifest.xml:17:13-38
55            android:exported="false" />
55-->src\main\AndroidManifest.xml:18:13-37
56        <activity
56-->src\main\AndroidManifest.xml:19:9-22:66
57            android:name="com.example.hangmannewgame.MainActivity"
57-->src\main\AndroidManifest.xml:20:13-41
58            android:exported="false"
58-->src\main\AndroidManifest.xml:21:13-37
59            android:theme="@style/Theme.AppCompat.NoActionBar" />
59-->src\main\AndroidManifest.xml:22:13-63
60
61        <meta-data
61-->src\main\AndroidManifest.xml:24:9-26:70
62            android:name="com.google.android.gms.ads.APPLICATION_ID"
62-->src\main\AndroidManifest.xml:25:13-69
63            android:value="ca-app-pub-5483371328915776~8900587171" />
63-->src\main\AndroidManifest.xml:26:13-67
64
65        <activity
65-->src\main\AndroidManifest.xml:28:9-35:20
66            android:name="com.example.hangmannewgame.RewardActivity"
66-->src\main\AndroidManifest.xml:29:13-43
67            android:exported="false"
67-->src\main\AndroidManifest.xml:30:13-37
68            android:theme="@style/Theme.HangManNewGame.NoActionBar" >
68-->src\main\AndroidManifest.xml:31:13-68
69            <meta-data
69-->src\main\AndroidManifest.xml:32:13-34:36
70                android:name="android.app.lib_name"
70-->src\main\AndroidManifest.xml:33:17-52
71                android:value="" />
71-->src\main\AndroidManifest.xml:34:17-33
72        </activity>
73        <activity
73-->src\main\AndroidManifest.xml:36:9-39:71
74            android:name="com.example.hangmannewgame.RegisterActivity"
74-->src\main\AndroidManifest.xml:37:13-45
75            android:exported="false"
75-->src\main\AndroidManifest.xml:38:13-37
76            android:theme="@style/Theme.HangManNewGame.NoActionBar" />
76-->src\main\AndroidManifest.xml:39:13-68
77        <activity
77-->src\main\AndroidManifest.xml:40:9-43:71
78            android:name="com.example.hangmannewgame.RankingActivity"
78-->src\main\AndroidManifest.xml:41:13-44
79            android:exported="false"
79-->src\main\AndroidManifest.xml:42:13-37
80            android:theme="@style/Theme.HangManNewGame.NoActionBar" />
80-->src\main\AndroidManifest.xml:43:13-68
81        <activity
81-->src\main\AndroidManifest.xml:44:9-47:71
82            android:name="com.example.hangmannewgame.GameActivity"
82-->src\main\AndroidManifest.xml:45:13-41
83            android:exported="false"
83-->src\main\AndroidManifest.xml:46:13-37
84            android:theme="@style/Theme.HangManNewGame.NoActionBar" />
84-->src\main\AndroidManifest.xml:47:13-68
85        <activity
85-->src\main\AndroidManifest.xml:48:9-51:66
86            android:name="com.example.hangmannewgame.OptionsActivity"
86-->src\main\AndroidManifest.xml:49:13-44
87            android:exported="false"
87-->src\main\AndroidManifest.xml:50:13-37
88            android:theme="@style/Theme.AppCompat.NoActionBar" />
88-->src\main\AndroidManifest.xml:51:13-63
89        <activity
89-->src\main\AndroidManifest.xml:52:9-55:71
90            android:name="com.example.hangmannewgame.LoginActivity"
90-->src\main\AndroidManifest.xml:53:13-42
91            android:exported="false"
91-->src\main\AndroidManifest.xml:54:13-37
92            android:theme="@style/Theme.HangManNewGame.NoActionBar" />
92-->src\main\AndroidManifest.xml:55:13-68
93        <activity
93-->src\main\AndroidManifest.xml:56:9-66:20
94            android:name="com.example.hangmannewgame.SplashScreenActivity"
94-->src\main\AndroidManifest.xml:57:13-49
95            android:exported="true"
95-->src\main\AndroidManifest.xml:58:13-36
96            android:label="@string/app_name"
96-->src\main\AndroidManifest.xml:59:13-45
97            android:theme="@style/Theme.HangManNewGame.NoActionBar" >
97-->src\main\AndroidManifest.xml:60:13-68
98            <intent-filter>
98-->src\main\AndroidManifest.xml:61:13-65:29
99                <action android:name="android.intent.action.MAIN" />
99-->src\main\AndroidManifest.xml:62:17-69
99-->src\main\AndroidManifest.xml:62:25-66
100
101                <category android:name="android.intent.category.LAUNCHER" />
101-->src\main\AndroidManifest.xml:64:17-77
101-->src\main\AndroidManifest.xml:64:27-74
102            </intent-filter>
103        </activity>
104
105        <service android:name="com.example.hangmannewgame.services.BackgroundSoundService" />
105-->src\main\AndroidManifest.xml:68:9-67
105-->src\main\AndroidManifest.xml:68:18-65
106
107        <activity
107-->[com.google.firebase:firebase-auth:21.1.0] AndroidManifest.xml:27:9-44:20
108            android:name="com.google.firebase.auth.internal.GenericIdpActivity"
108-->[com.google.firebase:firebase-auth:21.1.0] AndroidManifest.xml:28:13-80
109            android:excludeFromRecents="true"
109-->[com.google.firebase:firebase-auth:21.1.0] AndroidManifest.xml:29:13-46
110            android:exported="true"
110-->[com.google.firebase:firebase-auth:21.1.0] AndroidManifest.xml:30:13-36
111            android:launchMode="singleTask"
111-->[com.google.firebase:firebase-auth:21.1.0] AndroidManifest.xml:31:13-44
112            android:theme="@android:style/Theme.Translucent.NoTitleBar" >
112-->[com.google.firebase:firebase-auth:21.1.0] AndroidManifest.xml:32:13-72
113            <intent-filter>
113-->[com.google.firebase:firebase-auth:21.1.0] AndroidManifest.xml:33:13-43:29
114                <action android:name="android.intent.action.VIEW" />
114-->[com.google.firebase:firebase-auth:21.1.0] AndroidManifest.xml:34:17-69
114-->[com.google.firebase:firebase-auth:21.1.0] AndroidManifest.xml:34:25-66
115
116                <category android:name="android.intent.category.DEFAULT" />
116-->[com.google.firebase:firebase-auth:21.1.0] AndroidManifest.xml:36:17-76
116-->[com.google.firebase:firebase-auth:21.1.0] AndroidManifest.xml:36:27-73
117                <category android:name="android.intent.category.BROWSABLE" />
117-->[com.google.firebase:firebase-auth:21.1.0] AndroidManifest.xml:37:17-78
117-->[com.google.firebase:firebase-auth:21.1.0] AndroidManifest.xml:37:27-75
118
119                <data
119-->[com.google.firebase:firebase-auth:21.1.0] AndroidManifest.xml:39:17-42:51
120                    android:host="firebase.auth"
120-->[com.google.firebase:firebase-auth:21.1.0] AndroidManifest.xml:40:21-49
121                    android:path="/"
121-->[com.google.firebase:firebase-auth:21.1.0] AndroidManifest.xml:41:21-37
122                    android:scheme="genericidp" />
122-->[com.google.firebase:firebase-auth:21.1.0] AndroidManifest.xml:42:21-48
123            </intent-filter>
124        </activity>
125        <activity
125-->[com.google.firebase:firebase-auth:21.1.0] AndroidManifest.xml:45:9-62:20
126            android:name="com.google.firebase.auth.internal.RecaptchaActivity"
126-->[com.google.firebase:firebase-auth:21.1.0] AndroidManifest.xml:46:13-79
127            android:excludeFromRecents="true"
127-->[com.google.firebase:firebase-auth:21.1.0] AndroidManifest.xml:47:13-46
128            android:exported="true"
128-->[com.google.firebase:firebase-auth:21.1.0] AndroidManifest.xml:48:13-36
129            android:launchMode="singleTask"
129-->[com.google.firebase:firebase-auth:21.1.0] AndroidManifest.xml:49:13-44
130            android:theme="@android:style/Theme.Translucent.NoTitleBar" >
130-->[com.google.firebase:firebase-auth:21.1.0] AndroidManifest.xml:50:13-72
131            <intent-filter>
131-->[com.google.firebase:firebase-auth:21.1.0] AndroidManifest.xml:51:13-61:29
132                <action android:name="android.intent.action.VIEW" />
132-->[com.google.firebase:firebase-auth:21.1.0] AndroidManifest.xml:34:17-69
132-->[com.google.firebase:firebase-auth:21.1.0] AndroidManifest.xml:34:25-66
133
134                <category android:name="android.intent.category.DEFAULT" />
134-->[com.google.firebase:firebase-auth:21.1.0] AndroidManifest.xml:36:17-76
134-->[com.google.firebase:firebase-auth:21.1.0] AndroidManifest.xml:36:27-73
135                <category android:name="android.intent.category.BROWSABLE" />
135-->[com.google.firebase:firebase-auth:21.1.0] AndroidManifest.xml:37:17-78
135-->[com.google.firebase:firebase-auth:21.1.0] AndroidManifest.xml:37:27-75
136
137                <data
137-->[com.google.firebase:firebase-auth:21.1.0] AndroidManifest.xml:39:17-42:51
138                    android:host="firebase.auth"
138-->[com.google.firebase:firebase-auth:21.1.0] AndroidManifest.xml:40:21-49
139                    android:path="/"
139-->[com.google.firebase:firebase-auth:21.1.0] AndroidManifest.xml:41:21-37
140                    android:scheme="recaptcha" />
140-->[com.google.firebase:firebase-auth:21.1.0] AndroidManifest.xml:42:21-48
141            </intent-filter>
142        </activity>
143
144        <service
144-->[com.google.firebase:firebase-auth:21.1.0] AndroidManifest.xml:64:9-70:19
145            android:name="com.google.firebase.components.ComponentDiscoveryService"
145-->[com.google.firebase:firebase-auth:21.1.0] AndroidManifest.xml:65:13-84
146            android:directBootAware="true"
146-->[com.google.firebase:firebase-common:20.2.0] AndroidManifest.xml:34:13-43
147            android:exported="false" >
147-->[com.google.firebase:firebase-auth:21.1.0] AndroidManifest.xml:66:13-37
148            <meta-data
148-->[com.google.firebase:firebase-auth:21.1.0] AndroidManifest.xml:67:13-69:85
149                android:name="com.google.firebase.components:com.google.firebase.auth.FirebaseAuthRegistrar"
149-->[com.google.firebase:firebase-auth:21.1.0] AndroidManifest.xml:68:17-109
150                android:value="com.google.firebase.components.ComponentRegistrar" />
150-->[com.google.firebase:firebase-auth:21.1.0] AndroidManifest.xml:69:17-82
151            <meta-data
151-->[com.google.firebase:firebase-database:20.0.4] AndroidManifest.xml:32:13-34:85
152                android:name="com.google.firebase.components:com.google.firebase.database.DatabaseRegistrar"
152-->[com.google.firebase:firebase-database:20.0.4] AndroidManifest.xml:33:17-109
153                android:value="com.google.firebase.components.ComponentRegistrar" />
153-->[com.google.firebase:firebase-database:20.0.4] AndroidManifest.xml:34:17-82
154        </service>
155
156        <provider
156-->[com.google.firebase:firebase-common:20.2.0] AndroidManifest.xml:25:9-30:39
157            android:name="com.google.firebase.provider.FirebaseInitProvider"
157-->[com.google.firebase:firebase-common:20.2.0] AndroidManifest.xml:26:13-77
158            android:authorities="com.example.hangmannewgame.firebaseinitprovider"
158-->[com.google.firebase:firebase-common:20.2.0] AndroidManifest.xml:27:13-72
159            android:directBootAware="true"
159-->[com.google.firebase:firebase-common:20.2.0] AndroidManifest.xml:28:13-43
160            android:exported="false"
160-->[com.google.firebase:firebase-common:20.2.0] AndroidManifest.xml:29:13-37
161            android:initOrder="100" />
161-->[com.google.firebase:firebase-common:20.2.0] AndroidManifest.xml:30:13-36
162
163        <activity
163-->[com.google.android.gms:play-services-base:18.0.1] AndroidManifest.xml:20:9-22:45
164            android:name="com.google.android.gms.common.api.GoogleApiActivity"
164-->[com.google.android.gms:play-services-base:18.0.1] AndroidManifest.xml:20:19-85
165            android:exported="false"
165-->[com.google.android.gms:play-services-base:18.0.1] AndroidManifest.xml:22:19-43
166            android:theme="@android:style/Theme.Translucent.NoTitleBar" /> <!-- Include the AdActivity and InAppPurchaseActivity configChanges and themes. -->
166-->[com.google.android.gms:play-services-base:18.0.1] AndroidManifest.xml:21:19-78
167        <activity
167-->[com.google.android.gms:play-services-ads-lite:21.0.0] AndroidManifest.xml:49:9-53:64
168            android:name="com.google.android.gms.ads.AdActivity"
168-->[com.google.android.gms:play-services-ads-lite:21.0.0] AndroidManifest.xml:50:13-65
169            android:configChanges="keyboard|keyboardHidden|orientation|screenLayout|uiMode|screenSize|smallestScreenSize"
169-->[com.google.android.gms:play-services-ads-lite:21.0.0] AndroidManifest.xml:51:13-122
170            android:exported="false"
170-->[com.google.android.gms:play-services-ads-lite:21.0.0] AndroidManifest.xml:52:13-37
171            android:theme="@android:style/Theme.Translucent" />
171-->[com.google.android.gms:play-services-ads-lite:21.0.0] AndroidManifest.xml:53:13-61
172
173        <provider
173-->[com.google.android.gms:play-services-ads-lite:21.0.0] AndroidManifest.xml:55:9-59:39
174            android:name="com.google.android.gms.ads.MobileAdsInitProvider"
174-->[com.google.android.gms:play-services-ads-lite:21.0.0] AndroidManifest.xml:56:13-76
175            android:authorities="com.example.hangmannewgame.mobileadsinitprovider"
175-->[com.google.android.gms:play-services-ads-lite:21.0.0] AndroidManifest.xml:57:13-73
176            android:exported="false"
176-->[com.google.android.gms:play-services-ads-lite:21.0.0] AndroidManifest.xml:58:13-37
177            android:initOrder="100" />
177-->[com.google.android.gms:play-services-ads-lite:21.0.0] AndroidManifest.xml:59:13-36
178
179        <service
179-->[com.google.android.gms:play-services-ads-lite:21.0.0] AndroidManifest.xml:61:9-64:40
180            android:name="com.google.android.gms.ads.AdService"
180-->[com.google.android.gms:play-services-ads-lite:21.0.0] AndroidManifest.xml:62:13-64
181            android:enabled="true"
181-->[com.google.android.gms:play-services-ads-lite:21.0.0] AndroidManifest.xml:63:13-35
182            android:exported="false" />
182-->[com.google.android.gms:play-services-ads-lite:21.0.0] AndroidManifest.xml:64:13-37
183
184        <meta-data
184-->[com.google.android.gms:play-services-basement:18.1.0] AndroidManifest.xml:21:9-23:69
185            android:name="com.google.android.gms.version"
185-->[com.google.android.gms:play-services-basement:18.1.0] AndroidManifest.xml:22:13-58
186            android:value="@integer/google_play_services_version" />
186-->[com.google.android.gms:play-services-basement:18.1.0] AndroidManifest.xml:23:13-66
187
188        <uses-library
188-->[androidx.window:window:1.0.0] AndroidManifest.xml:25:9-27:40
189            android:name="androidx.window.extensions"
189-->[androidx.window:window:1.0.0] AndroidManifest.xml:26:13-54
190            android:required="false" />
190-->[androidx.window:window:1.0.0] AndroidManifest.xml:27:13-37
191        <uses-library
191-->[androidx.window:window:1.0.0] AndroidManifest.xml:28:9-30:40
192            android:name="androidx.window.sidecar"
192-->[androidx.window:window:1.0.0] AndroidManifest.xml:29:13-51
193            android:required="false" />
193-->[androidx.window:window:1.0.0] AndroidManifest.xml:30:13-37
194
195        <provider
195-->[androidx.emoji2:emoji2:1.2.0] AndroidManifest.xml:24:9-32:20
196            android:name="androidx.startup.InitializationProvider"
196-->[androidx.emoji2:emoji2:1.2.0] AndroidManifest.xml:25:13-67
197            android:authorities="com.example.hangmannewgame.androidx-startup"
197-->[androidx.emoji2:emoji2:1.2.0] AndroidManifest.xml:26:13-68
198            android:exported="false" >
198-->[androidx.emoji2:emoji2:1.2.0] AndroidManifest.xml:27:13-37
199            <meta-data
199-->[androidx.emoji2:emoji2:1.2.0] AndroidManifest.xml:29:13-31:52
200                android:name="androidx.emoji2.text.EmojiCompatInitializer"
200-->[androidx.emoji2:emoji2:1.2.0] AndroidManifest.xml:30:17-75
201                android:value="androidx.startup" />
201-->[androidx.emoji2:emoji2:1.2.0] AndroidManifest.xml:31:17-49
202            <meta-data
202-->[androidx.work:work-runtime:2.7.0] AndroidManifest.xml:36:13-38:52
203                android:name="androidx.work.WorkManagerInitializer"
203-->[androidx.work:work-runtime:2.7.0] AndroidManifest.xml:37:17-68
204                android:value="androidx.startup" />
204-->[androidx.work:work-runtime:2.7.0] AndroidManifest.xml:38:17-49
205            <meta-data
205-->[androidx.lifecycle:lifecycle-process:2.4.1] AndroidManifest.xml:31:13-33:52
206                android:name="androidx.lifecycle.ProcessLifecycleInitializer"
206-->[androidx.lifecycle:lifecycle-process:2.4.1] AndroidManifest.xml:32:17-78
207                android:value="androidx.startup" />
207-->[androidx.lifecycle:lifecycle-process:2.4.1] AndroidManifest.xml:33:17-49
208        </provider>
209
210        <service
210-->[androidx.work:work-runtime:2.7.0] AndroidManifest.xml:41:9-46:35
211            android:name="androidx.work.impl.background.systemalarm.SystemAlarmService"
211-->[androidx.work:work-runtime:2.7.0] AndroidManifest.xml:42:13-88
212            android:directBootAware="false"
212-->[androidx.work:work-runtime:2.7.0] AndroidManifest.xml:43:13-44
213            android:enabled="@bool/enable_system_alarm_service_default"
213-->[androidx.work:work-runtime:2.7.0] AndroidManifest.xml:44:13-72
214            android:exported="false" />
214-->[androidx.work:work-runtime:2.7.0] AndroidManifest.xml:45:13-37
215        <service
215-->[androidx.work:work-runtime:2.7.0] AndroidManifest.xml:47:9-53:35
216            android:name="androidx.work.impl.background.systemjob.SystemJobService"
216-->[androidx.work:work-runtime:2.7.0] AndroidManifest.xml:48:13-84
217            android:directBootAware="false"
217-->[androidx.work:work-runtime:2.7.0] AndroidManifest.xml:49:13-44
218            android:enabled="@bool/enable_system_job_service_default"
218-->[androidx.work:work-runtime:2.7.0] AndroidManifest.xml:50:13-70
219            android:exported="true"
219-->[androidx.work:work-runtime:2.7.0] AndroidManifest.xml:51:13-36
220            android:permission="android.permission.BIND_JOB_SERVICE" />
220-->[androidx.work:work-runtime:2.7.0] AndroidManifest.xml:52:13-69
221        <service
221-->[androidx.work:work-runtime:2.7.0] AndroidManifest.xml:54:9-59:35
222            android:name="androidx.work.impl.foreground.SystemForegroundService"
222-->[androidx.work:work-runtime:2.7.0] AndroidManifest.xml:55:13-81
223            android:directBootAware="false"
223-->[androidx.work:work-runtime:2.7.0] AndroidManifest.xml:56:13-44
224            android:enabled="@bool/enable_system_foreground_service_default"
224-->[androidx.work:work-runtime:2.7.0] AndroidManifest.xml:57:13-77
225            android:exported="false" />
225-->[androidx.work:work-runtime:2.7.0] AndroidManifest.xml:58:13-37
226
227        <receiver
227-->[androidx.work:work-runtime:2.7.0] AndroidManifest.xml:61:9-66:35
228            android:name="androidx.work.impl.utils.ForceStopRunnable$BroadcastReceiver"
228-->[androidx.work:work-runtime:2.7.0] AndroidManifest.xml:62:13-88
229            android:directBootAware="false"
229-->[androidx.work:work-runtime:2.7.0] AndroidManifest.xml:63:13-44
230            android:enabled="true"
230-->[androidx.work:work-runtime:2.7.0] AndroidManifest.xml:64:13-35
231            android:exported="false" />
231-->[androidx.work:work-runtime:2.7.0] AndroidManifest.xml:65:13-37
232        <receiver
232-->[androidx.work:work-runtime:2.7.0] AndroidManifest.xml:67:9-77:20
233            android:name="androidx.work.impl.background.systemalarm.ConstraintProxy$BatteryChargingProxy"
233-->[androidx.work:work-runtime:2.7.0] AndroidManifest.xml:68:13-106
234            android:directBootAware="false"
234-->[androidx.work:work-runtime:2.7.0] AndroidManifest.xml:69:13-44
235            android:enabled="false"
235-->[androidx.work:work-runtime:2.7.0] AndroidManifest.xml:70:13-36
236            android:exported="false" >
236-->[androidx.work:work-runtime:2.7.0] AndroidManifest.xml:71:13-37
237            <intent-filter>
237-->[androidx.work:work-runtime:2.7.0] AndroidManifest.xml:73:13-76:29
238                <action android:name="android.intent.action.ACTION_POWER_CONNECTED" />
238-->[androidx.work:work-runtime:2.7.0] AndroidManifest.xml:74:17-87
238-->[androidx.work:work-runtime:2.7.0] AndroidManifest.xml:74:25-84
239                <action android:name="android.intent.action.ACTION_POWER_DISCONNECTED" />
239-->[androidx.work:work-runtime:2.7.0] AndroidManifest.xml:75:17-90
239-->[androidx.work:work-runtime:2.7.0] AndroidManifest.xml:75:25-87
240            </intent-filter>
241        </receiver>
242        <receiver
242-->[androidx.work:work-runtime:2.7.0] AndroidManifest.xml:78:9-88:20
243            android:name="androidx.work.impl.background.systemalarm.ConstraintProxy$BatteryNotLowProxy"
243-->[androidx.work:work-runtime:2.7.0] AndroidManifest.xml:79:13-104
244            android:directBootAware="false"
244-->[androidx.work:work-runtime:2.7.0] AndroidManifest.xml:80:13-44
245            android:enabled="false"
245-->[androidx.work:work-runtime:2.7.0] AndroidManifest.xml:81:13-36
246            android:exported="false" >
246-->[androidx.work:work-runtime:2.7.0] AndroidManifest.xml:82:13-37
247            <intent-filter>
247-->[androidx.work:work-runtime:2.7.0] AndroidManifest.xml:84:13-87:29
248                <action android:name="android.intent.action.BATTERY_OKAY" />
248-->[androidx.work:work-runtime:2.7.0] AndroidManifest.xml:85:17-77
248-->[androidx.work:work-runtime:2.7.0] AndroidManifest.xml:85:25-74
249                <action android:name="android.intent.action.BATTERY_LOW" />
249-->[androidx.work:work-runtime:2.7.0] AndroidManifest.xml:86:17-76
249-->[androidx.work:work-runtime:2.7.0] AndroidManifest.xml:86:25-73
250            </intent-filter>
251        </receiver>
252        <receiver
252-->[androidx.work:work-runtime:2.7.0] AndroidManifest.xml:89:9-99:20
253            android:name="androidx.work.impl.background.systemalarm.ConstraintProxy$StorageNotLowProxy"
253-->[androidx.work:work-runtime:2.7.0] AndroidManifest.xml:90:13-104
254            android:directBootAware="false"
254-->[androidx.work:work-runtime:2.7.0] AndroidManifest.xml:91:13-44
255            android:enabled="false"
255-->[androidx.work:work-runtime:2.7.0] AndroidManifest.xml:92:13-36
256            android:exported="false" >
256-->[androidx.work:work-runtime:2.7.0] AndroidManifest.xml:93:13-37
257            <intent-filter>
257-->[androidx.work:work-runtime:2.7.0] AndroidManifest.xml:95:13-98:29
258                <action android:name="android.intent.action.DEVICE_STORAGE_LOW" />
258-->[androidx.work:work-runtime:2.7.0] AndroidManifest.xml:96:17-83
258-->[androidx.work:work-runtime:2.7.0] AndroidManifest.xml:96:25-80
259                <action android:name="android.intent.action.DEVICE_STORAGE_OK" />
259-->[androidx.work:work-runtime:2.7.0] AndroidManifest.xml:97:17-82
259-->[androidx.work:work-runtime:2.7.0] AndroidManifest.xml:97:25-79
260            </intent-filter>
261        </receiver>
262        <receiver
262-->[androidx.work:work-runtime:2.7.0] AndroidManifest.xml:100:9-109:20
263            android:name="androidx.work.impl.background.systemalarm.ConstraintProxy$NetworkStateProxy"
263-->[androidx.work:work-runtime:2.7.0] AndroidManifest.xml:101:13-103
264            android:directBootAware="false"
264-->[androidx.work:work-runtime:2.7.0] AndroidManifest.xml:102:13-44
265            android:enabled="false"
265-->[androidx.work:work-runtime:2.7.0] AndroidManifest.xml:103:13-36
266            android:exported="false" >
266-->[androidx.work:work-runtime:2.7.0] AndroidManifest.xml:104:13-37
267            <intent-filter>
267-->[androidx.work:work-runtime:2.7.0] AndroidManifest.xml:106:13-108:29
268                <action android:name="android.net.conn.CONNECTIVITY_CHANGE" />
268-->[androidx.work:work-runtime:2.7.0] AndroidManifest.xml:107:17-79
268-->[androidx.work:work-runtime:2.7.0] AndroidManifest.xml:107:25-76
269            </intent-filter>
270        </receiver>
271        <receiver
271-->[androidx.work:work-runtime:2.7.0] AndroidManifest.xml:110:9-121:20
272            android:name="androidx.work.impl.background.systemalarm.RescheduleReceiver"
272-->[androidx.work:work-runtime:2.7.0] AndroidManifest.xml:111:13-88
273            android:directBootAware="false"
273-->[androidx.work:work-runtime:2.7.0] AndroidManifest.xml:112:13-44
274            android:enabled="false"
274-->[androidx.work:work-runtime:2.7.0] AndroidManifest.xml:113:13-36
275            android:exported="false" >
275-->[androidx.work:work-runtime:2.7.0] AndroidManifest.xml:114:13-37
276            <intent-filter>
276-->[androidx.work:work-runtime:2.7.0] AndroidManifest.xml:116:13-120:29
277                <action android:name="android.intent.action.BOOT_COMPLETED" />
277-->[androidx.work:work-runtime:2.7.0] AndroidManifest.xml:117:17-79
277-->[androidx.work:work-runtime:2.7.0] AndroidManifest.xml:117:25-76
278                <action android:name="android.intent.action.TIME_SET" />
278-->[androidx.work:work-runtime:2.7.0] AndroidManifest.xml:118:17-73
278-->[androidx.work:work-runtime:2.7.0] AndroidManifest.xml:118:25-70
279                <action android:name="android.intent.action.TIMEZONE_CHANGED" />
279-->[androidx.work:work-runtime:2.7.0] AndroidManifest.xml:119:17-81
279-->[androidx.work:work-runtime:2.7.0] AndroidManifest.xml:119:25-78
280            </intent-filter>